<?xml version="1.0" encoding="UTF-8"?>
<testsuite xmlns:xsi="http://www.w3.org/2001/XMLSchema-instance" xsi:noNamespaceSchemaLocation="https://maven.apache.org/surefire/maven-surefire-plugin/xsd/surefire-test-report-3.0.xsd" version="3.0" name="com.deliverytech.controller.PedidoControllerTest" time="17.577" tests="6" errors="0" skipped="0" failures="0">
  <properties>
[...]
</properties>
  <testcase name="deveCriarPedidoComSucesso" classname="com.deliverytech.controller.PedidoControllerTest" time="2.503">
    <system-out><![CDATA[06:29:12.582 [main] INFO org.springframework.test.context.support.AnnotationConfigContextLoaderUtils -- Could not detect default configuration classes for test class [com.deliverytech.controller.PedidoControllerTest]: PedidoControllerTest does not declare any static, non-private, non-final, nested classes annotated with @Configuration.
06:29:12.865 [main] INFO org.springframework.boot.test.context.SpringBootTestContextBootstrapper -- Found @SpringBootConfiguration com.deliverytech.DeliveryTechApiApplication for test class com.deliverytech.controller.PedidoControllerTest

  .   ____          _            __ _ _
 /\\ / ___'_ __ _ _(_)_ __  __ _ \ \ \ \
( ( )\___ | '_ | '_| | '_ \/ _` | \ \ \ \
 \\/  ___)| |_)| | | | | || (_| |  ) ) ) )
  '  |____| .__|_| |_|_| |_\__, | / / / /
 =========|_|==============|___/=/_/_/_/
 :: Spring Boot ::                (v3.2.5)

2026-03-08T06:29:13.584-03:00  INFO 17316 --- [           main] c.d.controller.PedidoControllerTest      : Starting PedidoControllerTest using Java 21.0.9 with PID 17316 (started by Gilvania in C:\Users\morei\Documents\ArquiteturaDeSistemas\Projects\delivery)
2026-03-08T06:29:13.586-03:00 DEBUG 17316 --- [           main] c.d.controller.PedidoControllerTest      : Running with Spring Boot v3.2.5, Spring v6.1.6
2026-03-08T06:29:13.587-03:00  INFO 17316 --- [           main] c.d.controller.PedidoControllerTest      : The following 1 profile is active: "test"
2026-03-08T06:29:15.997-03:00  INFO 17316 --- [           main] .s.d.r.c.RepositoryConfigurationDelegate : Multiple Spring Data modules found, entering strict repository configuration mode
2026-03-08T06:29:16.001-03:00  INFO 17316 --- [           main] .s.d.r.c.RepositoryConfigurationDelegate : Bootstrapping Spring Data JPA repositories in DEFAULT mode.
2026-03-08T06:29:16.153-03:00  INFO 17316 --- [           main] .s.d.r.c.RepositoryConfigurationDelegate : Finished Spring Data repository scanning in 137 ms. Found 5 JPA repository interfaces.
2026-03-08T06:29:17.954-03:00  INFO 17316 --- [           main] o.hibernate.jpa.internal.util.LogHelper  : HHH000204: Processing PersistenceUnitInfo [name: default]
2026-03-08T06:29:18.173-03:00  INFO 17316 --- [           main] org.hibernate.Version                    : HHH000412: Hibernate ORM core version 6.4.4.Final
2026-03-08T06:29:18.299-03:00  INFO 17316 --- [           main] o.h.c.internal.RegionFactoryInitiator    : HHH000026: Second-level cache disabled
2026-03-08T06:29:18.953-03:00  INFO 17316 --- [           main] o.s.o.j.p.SpringPersistenceUnitInfo      : No LoadTimeWeaver setup: ignoring JPA class transformer
2026-03-08T06:29:19.008-03:00  INFO 17316 --- [           main] com.zaxxer.hikari.HikariDataSource       : HikariPool-1 - Starting...
2026-03-08T06:29:19.351-03:00  INFO 17316 --- [           main] com.zaxxer.hikari.pool.HikariPool        : HikariPool-1 - Added connection conn0: url=jdbc:h2:mem:testdb user=SA
2026-03-08T06:29:19.353-03:00  INFO 17316 --- [           main] com.zaxxer.hikari.HikariDataSource       : HikariPool-1 - Start completed.
2026-03-08T06:29:19.391-03:00  WARN 17316 --- [           main] org.hibernate.orm.deprecation            : HHH90000025: H2Dialect does not need to be specified explicitly using 'hibernate.dialect' (remove the property setting and it will be selected by default)
2026-03-08T06:29:21.226-03:00  INFO 17316 --- [           main] o.h.e.t.j.p.i.JtaPlatformInitiator       : HHH000489: No JTA platform available (set 'hibernate.transaction.jta.platform' to enable JTA platform integration)
2026-03-08T06:29:21.366-03:00  INFO 17316 --- [           main] j.LocalContainerEntityManagerFactoryBean : Initialized JPA EntityManagerFactory for persistence unit 'default'
2026-03-08T06:29:23.286-03:00  WARN 17316 --- [           main] JpaBaseConfiguration$JpaWebConfiguration : spring.jpa.open-in-view is enabled by default. Therefore, database queries may be performed during view rendering. Explicitly configure spring.jpa.open-in-view to disable this warning
2026-03-08T06:29:23.876-03:00  INFO 17316 --- [           main] o.s.b.a.w.s.WelcomePageHandlerMapping    : Adding welcome page: class path resource [static/index.html]
2026-03-08T06:29:24.989-03:00  INFO 17316 --- [           main] o.s.b.a.e.web.EndpointLinksResolver      : Exposing 13 endpoint(s) beneath base path '/actuator'
2026-03-08T06:29:25.059-03:00  INFO 17316 --- [           main] o.s.s.web.DefaultSecurityFilterChain     : Will secure any request with [org.springframework.security.web.session.DisableEncodeUrlFilter@591be976, org.springframework.security.web.context.request.async.WebAsyncManagerIntegrationFilter@520f1862, org.springframework.security.web.context.SecurityContextHolderFilter@2330c5c5, org.springframework.security.web.header.HeaderWriterFilter@3986b56, org.springframework.web.filter.CorsFilter@40f53ea, org.springframework.security.web.authentication.logout.LogoutFilter@748015f8, org.springframework.security.web.savedrequest.RequestCacheAwareFilter@2cc3b0a7, org.springframework.security.web.servletapi.SecurityContextHolderAwareRequestFilter@71077d1, org.springframework.security.web.authentication.AnonymousAuthenticationFilter@5a1216b0, org.springframework.security.web.access.ExceptionTranslationFilter@6da6c10e, org.springframework.security.web.access.intercept.AuthorizationFilter@439acac0]
2026-03-08T06:29:25.128-03:00  INFO 17316 --- [           main] o.s.s.web.DefaultSecurityFilterChain     : Will secure any request with [org.springframework.security.web.session.DisableEncodeUrlFilter@79beb8a0, org.springframework.security.web.context.request.async.WebAsyncManagerIntegrationFilter@b6a20ce, org.springframework.security.web.context.SecurityContextHolderFilter@32107bba, org.springframework.security.web.header.HeaderWriterFilter@50dfceff, org.springframework.web.filter.CorsFilter@79296ce0, org.springframework.security.web.authentication.logout.LogoutFilter@33c6c4f, com.deliverytech.security.JwtAuthenticationFilter@6ea1fc9, org.springframework.security.web.savedrequest.RequestCacheAwareFilter@7c75f3a8, org.springframework.security.web.servletapi.SecurityContextHolderAwareRequestFilter@7beb2bc2, org.springframework.security.web.authentication.AnonymousAuthenticationFilter@19c28c97, org.springframework.security.web.session.SessionManagementFilter@7acb0a44, org.springframework.security.web.access.ExceptionTranslationFilter@2d7fe300, org.springframework.security.web.access.intercept.AuthorizationFilter@362ad436]
2026-03-08T06:29:26.307-03:00  INFO 17316 --- [           main] o.s.b.a.h2.H2ConsoleAutoConfiguration    : H2 console available at '/h2-console'. Database available at 'jdbc:h2:mem:testdb'
2026-03-08T06:29:26.511-03:00 DEBUG 17316 --- [           main] c.d.security.JwtAuthenticationFilter     : Filter 'jwtAuthenticationFilter' configured for use
2026-03-08T06:29:26.513-03:00  INFO 17316 --- [           main] o.s.b.t.m.w.SpringBootMockServletContext : Initializing Spring TestDispatcherServlet ''
2026-03-08T06:29:26.514-03:00  INFO 17316 --- [           main] o.s.t.web.servlet.TestDispatcherServlet  : Initializing Servlet ''
2026-03-08T06:29:26.519-03:00  INFO 17316 --- [           main] o.s.t.web.servlet.TestDispatcherServlet  : Completed initialization in 5 ms
2026-03-08T06:29:26.738-03:00  INFO 17316 --- [           main] c.d.controller.PedidoControllerTest      : Started PedidoControllerTest in 13.617 seconds (process running for 15.554)
2026-03-08T06:29:29.261-03:00  INFO 17316 --- [           main] c.d.controller.PedidoController          : Criando pedido - cliente ID: 1, restaurante ID: 1
2026-03-08T06:29:29.298-03:00  INFO 17316 --- [           main] c.d.service.impl.PedidoServiceImpl       : Criando pedido para cliente ID: 1
]]></system-out>
    <system-err><![CDATA[WARNING: A Java agent has been loaded dynamically (C:\Users\morei\.m2\repository\net\bytebuddy\byte-buddy-agent\1.14.13\byte-buddy-agent-1.14.13.jar)
WARNING: If a serviceability tool is in use, please run with -XX:+EnableDynamicAgentLoading to hide this warning
WARNING: If a serviceability tool is not in use, please run with -Djdk.instrument.traceUsage for more information
WARNING: Dynamic loading of agents will be disallowed by default in a future release
]]></system-err>
  </testcase>
  <testcase name="deveRetornarErroQuandoClienteNaoExiste" classname="com.deliverytech.controller.PedidoControllerTest" time="0.092">
    <system-out><![CDATA[2026-03-08T06:29:29.606-03:00  INFO 17316 --- [           main] c.d.controller.PedidoController          : Criando pedido - cliente ID: 99999, restaurante ID: 2
]]></system-out>
  </testcase>
  <testcase name="deveRetornar400QuandoItensNulo" classname="com.deliverytech.controller.PedidoControllerTest" time="0.065"/>
  <testcase name="deveRetornarErroQuandoRestauranteNaoExiste" classname="com.deliverytech.controller.PedidoControllerTest" time="0.024">
    <system-out><![CDATA[2026-03-08T06:29:29.759-03:00  INFO 17316 --- [           main] c.d.controller.PedidoController          : Criando pedido - cliente ID: 4, restaurante ID: 99999
]]></system-out>
  </testcase>
  <testcase name="deveRetornarErroQuandoProdutoNaoExiste" classname="com.deliverytech.controller.PedidoControllerTest" time="0.035">
    <system-out><![CDATA[2026-03-08T06:29:29.789-03:00  INFO 17316 --- [           main] c.d.controller.PedidoController          : Criando pedido - cliente ID: 5, restaurante ID: 5
]]></system-out>
  </testcase>
  <testcase name="deveRetornar400QuandoCamposObrigatoriosAusentes" classname="com.deliverytech.controller.PedidoControllerTest" time="0.023"/>
</testsuite>